Sun Mar 15 01:56:14 UTC 2026
Mon Mar 16 01:58:17 UTC 2026
Tue Mar 17 01:45:56 UTC 2026
Wed Mar 18 01:50:11 UTC 2026
Thu Mar 19 01:51:01 UTC 2026
Fri Mar 20 01:45:30 UTC 2026
Sat Mar 21 01:28:26 UTC 2026
Sun Mar 22 01:50:36 UTC 2026
Mon Mar 23 01:51:38 UTC 2026
Tue Mar 24 01:43:47 UTC 2026
Wed Mar 25 01:49:21 UTC 2026
Thu Mar 26 01:55:32 UTC 2026
Fri Mar 27 01:55:59 UTC 2026
Sat Mar 28 01:47:32 UTC 2026
Sun Mar 29 01:58:46 UTC 2026
Mon Mar 30 02:01:00 UTC 2026
Tue Mar 31 01:57:02 UTC 2026
Wed Apr  1 02:05:45 UTC 2026
Thu Apr  2 01:53:20 UTC 2026
Fri Apr  3 01:54:56 UTC 2026
Sat Apr  4 01:48:02 UTC 2026
Sun Apr  5 02:00:17 UTC 2026
Mon Apr  6 02:01:36 UTC 2026
Tue Apr  7 01:57:37 UTC 2026
Wed Apr  8 01:58:35 UTC 2026
Thu Apr  9 01:50:37 UTC 2026
Fri Apr 10 02:03:25 UTC 2026
Sat Apr 11 01:52:16 UTC 2026
Sun Apr 12 02:05:07 UTC 2026
Mon Apr 13 02:09:36 UTC 2026
Tue Apr 14 02:04:15 UTC 2026
Wed Apr 15 02:01:32 UTC 2026
Thu Apr 16 02:08:39 UTC 2026
Fri Apr 17 02:05:01 UTC 2026
Sat Apr 18 01:56:02 UTC 2026
Sun Apr 19 02:09:14 UTC 2026
Mon Apr 20 02:09:52 UTC 2026
Tue Apr 21 02:05:57 UTC 2026
Wed Apr 22 02:04:00 UTC 2026
Thu Apr 23 02:08:11 UTC 2026
Fri Apr 24 02:08:36 UTC 2026
Sat Apr 25 01:58:45 UTC 2026
Sun Apr 26 02:12:16 UTC 2026
Mon Apr 27 02:14:16 UTC 2026
Tue Apr 28 02:30:16 UTC 2026
Wed Apr 29 02:30:27 UTC 2026
Thu Apr 30 02:31:20 UTC 2026
Fri May  1 02:36:38 UTC 2026
Sat May  2 02:12:13 UTC 2026
Sun May  3 02:28:12 UTC 2026
Mon May  4 02:26:59 UTC 2026
Tue May  5 02:22:17 UTC 2026
Wed May  6 02:25:51 UTC 2026
Thu May  7 02:27:40 UTC 2026
Fri May  8 02:34:54 UTC 2026
Sat May  9 02:27:55 UTC 2026
Sun May 10 02:30:58 UTC 2026
Mon May 11 02:40:22 UTC 2026
Tue May 12 02:33:31 UTC 2026
Wed May 13 02:40:07 UTC 2026
Thu May 14 02:40:27 UTC 2026
Fri May 15 02:41:11 UTC 2026
Sat May 16 02:30:45 UTC 2026
Sun May 17 02:38:13 UTC 2026
Mon May 18 02:48:40 UTC 2026
Tue May 19 02:45:55 UTC 2026
Wed May 20 02:46:14 UTC 2026
Thu May 21 02:49:12 UTC 2026
Fri May 22 02:49:48 UTC 2026
Sat May 23 02:34:40 UTC 2026
Sun May 24 02:46:12 UTC 2026
Mon May 25 02:54:43 UTC 2026
Tue May 26 02:42:42 UTC 2026
Wed May 27 02:53:17 UTC 2026
Thu May 28 02:40:53 UTC 2026
Fri May 29 02:44:32 UTC 2026
Sat May 30 02:38:13 UTC 2026
Sun May 31 02:55:28 UTC 2026
Mon Jun  1 03:31:39 UTC 2026
Tue Jun  2 03:28:53 UTC 2026
Wed Jun  3 03:36:06 UTC 2026
Thu Jun  4 03:31:32 UTC 2026
Fri Jun  5 02:53:40 UTC 2026
Sat Jun  6 02:40:37 UTC 2026
Sun Jun  7 02:58:53 UTC 2026
Mon Jun  8 03:28:37 UTC 2026
Tue Jun  9 02:39:14 UTC 2026
Wed Jun 10 02:53:05 UTC 2026
Thu Jun 11 03:26:24 UTC 2026
Fri Jun 12 03:25:07 UTC 2026
Sat Jun 13 02:52:23 UTC 2026
Sun Jun 14 03:29:33 UTC 2026
Mon Jun 15 03:39:08 UTC 2026
Tue Jun 16 03:34:40 UTC 2026
Wed Jun 17 03:32:52 UTC 2026
Thu Jun 18 03:24:30 UTC 2026
Fri Jun 19 03:47:44 UTC 2026
Sat Jun 20 02:50:56 UTC 2026
Sun Jun 21 03:35:17 UTC 2026
Mon Jun 22 03:39:41 UTC 2026
Tue Jun 23 02:44:43 UTC 2026
Wed Jun 24 02:45:17 UTC 2026
Thu Jun 25 02:45:32 UTC 2026
Fri Jun 26 02:50:19 UTC 2026
Sat Jun 27 02:40:58 UTC 2026
Sun Jun 28 02:55:31 UTC 2026
Mon Jun 29 02:56:10 UTC 2026
Tue Jun 30 02:50:22 UTC 2026
Wed Jul  1 02:55:34 UTC 2026
Thu Jul  2 02:45:53 UTC 2026
Fri Jul  3 02:28:00 UTC 2026
Sat Jul  4 02:26:18 UTC 2026
Sun Jul  5 02:35:40 UTC 2026
Mon Jul  6 02:40:04 UTC 2026
Tue Jul  7 02:36:05 UTC 2026
Wed Jul  8 02:09:31 UTC 2026
Thu Jul  9 02:28:08 UTC 2026
